<?xml version="1.0" encoding="UTF-8"?>
<!-- Generated by org.testng.reporters.JUnitReportReporter -->
<testsuite skipped="0" hostname="es020" name="MavenSeleniumGrid.WebdriverGrid.loginpage" tests="1" failures="0" timestamp="31 May 2019 05:40:15 GMT" time="11.553" errors="0">
  <testcase name="login" time="11.553" classname="MavenSeleniumGrid.WebdriverGrid.loginpage"/>
</testsuite> <!-- MavenSeleniumGrid.WebdriverGrid.loginpage -->
